<?xml version="1.0" encoding="UTF-8"?>
<testng-results ignored="0" total="1" passed="1" failed="0" skipped="0">
  <reporter-output>
  </reporter-output>
  <suite started-at="2022-11-07T00:35:32 IST" name="Default suite" finished-at="2022-11-07T00:36:56 IST" duration-ms="83842">
    <groups>
    </groups>
    <test started-at="2022-11-07T00:35:32 IST" name="Default test" finished-at="2022-11-07T00:36:56 IST" duration-ms="83842">
      <class name="test1">
        <test-method signature="test()[pri:0, instance:test1@5c30a9b0]" started-at="2022-11-07T00:35:32 IST" name="test" finished-at="2022-11-07T00:36:56 IST" duration-ms="83662" status="PASS">
          <reporter-output>
          </reporter-output>
        </test-method> <!-- test -->
      </class> <!-- test1 -->
    </test> <!-- Default test -->
  </suite> <!-- Default suite -->
</testng-results>
